{"label":"Backend Logs","level":"info","message":"2024-05-09T14:33:14.243Z - We are at getUserRoleById in service. User role id is: 1"}
{"label":"Backend Logs","level":"info","message":"2024-05-09T14:39:52.442Z - We are at getUserRoleById in service. User role id is: 1"}
{"label":"Backend Logs","level":"info","message":"2024-05-09T14:45:51.718Z - We are at getAll in controller"}
{"label":"Backend Logs","level":"info","message":"2024-05-09T14:47:45.257Z - We are at getAll in controller"}
{"label":"Backend Logs","level":"info","message":"2024-05-09T14:47:45.264Z - We are at getAll in service!"}
{"label":"Backend Logs","level":"info","message":"2024-05-09T14:48:46.073Z - We are at getAll in controller"}
{"label":"Backend Logs","level":"info","message":"2024-05-09T14:48:46.075Z - We are at getAll in service!"}
{"label":"Backend Logs","level":"info","message":"2024-05-09T14:49:12.978Z - We are at getAll in controller"}
{"label":"Backend Logs","level":"info","message":"2024-05-09T14:49:12.980Z - We are at getAll in service!"}
{"label":"Backend Logs","level":"info","message":"2024-05-09T14:49:49.016Z - We are at getAll in controller"}
{"label":"Backend Logs","level":"info","message":"2024-05-09T14:49:49.018Z - We are at getAll in service!"}
{"label":"Backend Logs","level":"info","message":"2024-05-09T14:51:47.617Z - We are at getAll in controller"}
{"label":"Backend Logs","level":"info","message":"2024-05-09T14:51:47.619Z - We are at getAll in service!"}
{"label":"Backend Logs","level":"info","message":"2024-05-09T14:52:17.956Z - We are at getAll in controller"}
{"label":"Backend Logs","level":"info","message":"2024-05-09T14:52:17.958Z - We are at getAll in service!"}
{"label":"Backend Logs","level":"info","message":"2024-05-09T14:52:22.767Z - We are at getAll in controller"}
{"label":"Backend Logs","level":"info","message":"2024-05-09T14:52:22.770Z - We are at getAll in service!"}
{"label":"Backend Logs","level":"info","message":"2024-05-09T15:06:09.131Z - We are at getAll in controller"}
{"label":"Backend Logs","level":"info","message":"2024-05-09T15:06:09.148Z - We are at getAll in service!"}
{"label":"Backend Logs","level":"info","message":"2024-05-09T15:07:00.944Z - We are at addNew in controller. The new expense is: [object Object]"}
{"label":"Backend Logs","level":"info","message":"2024-05-09T15:07:00.946Z - We are at addNew= in service. New transaction is [object Object]"}
{"label":"Backend Logs","level":"info","message":"2024-05-09T15:09:34.514Z - We are at addNew in controller. The new expense is: [object Object]"}
{"label":"Backend Logs","level":"info","message":"2024-05-09T15:09:34.524Z - We are at addNew in service. New transaction is [object Object]"}
{"label":"Backend Logs","level":"info","message":"2024-05-09T15:10:25.595Z - We are at addNew in controller. The new expense is: [object Object]"}
{"label":"Backend Logs","level":"info","message":"2024-05-09T15:10:25.605Z - We are at addNew in service. New transaction is [object Object]"}
{"label":"Backend Logs","level":"info","message":"2024-05-09T15:13:24.734Z - We are at addNew in controller. The new expense is: [object Object]"}
{"label":"Backend Logs","level":"info","message":"2024-05-09T15:13:24.738Z - We are at addNew in service. New transaction is [object Object]"}
{"label":"Backend Logs","level":"info","message":"2024-05-09T15:15:56.092Z - We are at addNew in controller. The new expense is: [object Object]"}
{"label":"Backend Logs","level":"info","message":"2024-05-09T15:15:56.098Z - We are at addNew in service. New transaction is [object Object]"}
{"label":"Backend Logs","level":"info","message":"2024-05-09T15:21:08.424Z - We are at getUserRoleById in service. User role id is: 1"}
{"label":"Backend Logs","level":"info","message":"2024-05-09T15:21:08.588Z - We are at getAll in controller"}
{"label":"Backend Logs","level":"info","message":"2024-05-09T15:21:08.589Z - We are at getAll in service!"}
{"label":"Backend Logs","level":"info","message":"2024-05-09T15:21:22.222Z - We are at addNew in controller. The new expense is: [object Object]"}
{"label":"Backend Logs","level":"info","message":"2024-05-09T15:21:22.223Z - We are at addNew in service. New transaction is [object Object]"}
{"label":"Backend Logs","level":"info","message":"2024-05-09T15:22:29.404Z - We are at addNew in controller. The new expense is: [object Object]"}
{"label":"Backend Logs","level":"info","message":"2024-05-09T15:22:29.411Z - We are at addNew in service. New transaction is [object Object]"}
{"label":"Backend Logs","level":"info","message":"2024-05-09T15:23:18.197Z - We are at addNew in controller. The new expense is: [object Object]"}
{"label":"Backend Logs","level":"info","message":"2024-05-09T15:23:18.202Z - We are at addNew in service. New transaction is [object Object]"}
{"label":"Backend Logs","level":"info","message":"2024-05-09T15:23:28.898Z - We are at addNew in controller. The new expense is: [object Object]"}
{"label":"Backend Logs","level":"info","message":"2024-05-09T15:23:28.900Z - We are at addNew in service. New transaction is [object Object]"}
{"label":"Backend Logs","level":"info","message":"2024-05-09T15:23:30.399Z - We are at getAll in controller"}
{"label":"Backend Logs","level":"info","message":"2024-05-09T15:23:30.401Z - We are at getAll in service!"}
{"label":"Backend Logs","level":"info","message":"2024-05-09T15:23:36.472Z - We are at getAll in controller"}
{"label":"Backend Logs","level":"info","message":"2024-05-09T15:23:36.475Z - We are at getAll in service!"}
{"label":"Backend Logs","level":"info","message":"2024-05-09T15:24:29.363Z - We are at getAll in controller"}
{"label":"Backend Logs","level":"info","message":"2024-05-09T15:24:29.370Z - We are at getAll in service!"}
{"label":"Backend Logs","level":"info","message":"2024-05-09T15:26:06.383Z - We are at getAll in controller"}
{"label":"Backend Logs","level":"info","message":"2024-05-09T15:26:06.391Z - We are at getAll in service!"}
{"label":"Backend Logs","level":"info","message":"2024-05-09T15:27:58.642Z - We are at getAll in controller"}
{"label":"Backend Logs","level":"info","message":"2024-05-09T15:27:58.646Z - We are at getAll in service!"}
{"label":"Backend Logs","level":"info","message":"2024-05-09T15:28:22.636Z - We are at addNew in controller. The new expense is: [object Object]"}
{"label":"Backend Logs","level":"info","message":"2024-05-09T15:28:22.637Z - We are at addNew in service. New transaction is [object Object]"}
{"label":"Backend Logs","level":"info","message":"2024-05-09T15:28:23.832Z - We are at getAll in controller"}
{"label":"Backend Logs","level":"info","message":"2024-05-09T15:28:23.833Z - We are at getAll in service!"}
{"label":"Backend Logs","level":"info","message":"2024-05-09T15:28:55.445Z - We are at getAll in controller"}
{"label":"Backend Logs","level":"info","message":"2024-05-09T15:28:55.447Z - We are at getAll in service!"}
{"label":"Backend Logs","level":"info","message":"2024-05-09T15:29:07.888Z - We are at addNew in controller. The new expense is: [object Object]"}
{"label":"Backend Logs","level":"info","message":"2024-05-09T15:29:07.889Z - We are at addNew in service. New transaction is [object Object]"}
{"label":"Backend Logs","level":"info","message":"2024-05-09T15:29:08.019Z - We are at getAll in controller"}
{"label":"Backend Logs","level":"info","message":"2024-05-09T15:29:08.021Z - We are at getAll in service!"}
{"label":"Backend Logs","level":"info","message":"2024-05-09T15:29:28.388Z - We are at getAll in controller"}
{"label":"Backend Logs","level":"info","message":"2024-05-09T15:29:28.390Z - We are at getAll in service!"}
{"label":"Backend Logs","level":"info","message":"2024-05-09T15:30:05.157Z - We are at addNew in controller. The new expense is: [object Object]"}
{"label":"Backend Logs","level":"info","message":"2024-05-09T15:30:05.158Z - We are at addNew in service. New transaction is [object Object]"}
{"label":"Backend Logs","level":"info","message":"2024-05-09T15:30:42.432Z - We are at getAll in controller"}
{"label":"Backend Logs","level":"info","message":"2024-05-09T15:30:42.433Z - We are at getAll in service!"}
{"label":"Backend Logs","level":"info","message":"2024-05-09T15:32:18.927Z - We are at getAll in controller"}
{"label":"Backend Logs","level":"info","message":"2024-05-09T15:32:18.929Z - We are at getAll in service!"}
{"label":"Backend Logs","level":"info","message":"2024-05-09T15:32:27.438Z - We are at getAll in controller"}
{"label":"Backend Logs","level":"info","message":"2024-05-09T15:32:27.439Z - We are at getAll in service!"}
{"label":"Backend Logs","level":"info","message":"2024-05-09T16:12:20.203Z - We are at getUserRoleById in service. User role id is: 1"}
{"label":"Backend Logs","level":"info","message":"2024-05-09T16:12:20.317Z - We are at getAll in controller"}
{"label":"Backend Logs","level":"info","message":"2024-05-09T16:12:20.318Z - We are at getAll in service!"}
{"label":"Backend Logs","level":"info","message":"2024-05-09T16:12:33.692Z - We are at getAll in controller"}
{"label":"Backend Logs","level":"info","message":"2024-05-09T16:12:33.694Z - We are at getAll in service!"}
{"label":"Backend Logs","level":"info","message":"2024-05-09T16:13:10.548Z - We are at getAll in controller"}
{"label":"Backend Logs","level":"info","message":"2024-05-09T16:13:10.549Z - We are at getAll in service!"}
{"label":"Backend Logs","level":"info","message":"2024-05-09T16:13:15.430Z - We are at getAll in controller"}
{"label":"Backend Logs","level":"info","message":"2024-05-09T16:13:15.431Z - We are at getAll in service!"}
{"label":"Backend Logs","level":"info","message":"2024-05-09T16:13:41.923Z - We are at getUserRoleById in service. User role id is: 1"}
{"label":"Backend Logs","level":"info","message":"2024-05-09T16:13:42.186Z - We are at getAll in controller"}
{"label":"Backend Logs","level":"info","message":"2024-05-09T16:13:42.187Z - We are at getAll in service!"}
{"label":"Backend Logs","level":"info","message":"2024-05-09T16:14:16.749Z - We are at getAll in controller"}
{"label":"Backend Logs","level":"info","message":"2024-05-09T16:14:16.757Z - We are at getAll in service!"}
{"label":"Backend Logs","level":"info","message":"2024-05-09T16:15:51.514Z - We are at getAll in controller"}
{"label":"Backend Logs","level":"info","message":"2024-05-09T16:15:51.515Z - We are at getAll in service!"}
{"label":"Backend Logs","level":"info","message":"2024-05-09T16:16:39.438Z - We are at getAll in controller"}
{"label":"Backend Logs","level":"info","message":"2024-05-09T16:16:39.439Z - We are at getAll in service!"}
{"label":"Backend Logs","level":"info","message":"2024-05-09T16:16:46.904Z - We are at getAll in controller"}
{"label":"Backend Logs","level":"info","message":"2024-05-09T16:16:46.905Z - We are at getAll in service!"}
{"label":"Backend Logs","level":"info","message":"2024-05-09T16:17:05.434Z - We are at getAll in controller"}
{"label":"Backend Logs","level":"info","message":"2024-05-09T16:17:05.436Z - We are at getAll in service!"}
{"label":"Backend Logs","level":"info","message":"2024-05-09T16:21:03.013Z - We are at getAll in controller"}
{"label":"Backend Logs","level":"info","message":"2024-05-09T16:21:03.015Z - We are at getAll in service!"}
{"label":"Backend Logs","level":"info","message":"2024-05-09T16:21:56.575Z - We are at getAll in controller"}
{"label":"Backend Logs","level":"info","message":"2024-05-09T16:21:56.584Z - We are at getAll in service!"}
{"label":"Backend Logs","level":"info","message":"2024-05-09T16:27:42.802Z - We are at getAll in controller"}
{"label":"Backend Logs","level":"info","message":"2024-05-09T16:27:42.809Z - We are at getAll in service!"}
{"label":"Backend Logs","level":"info","message":"2024-05-09T16:27:45.296Z - We are at get all users controller"}
{"label":"Backend Logs","level":"info","message":"2024-05-09T16:27:45.298Z - We are at getAllUser in service"}
{"label":"Backend Logs","level":"info","message":"2024-05-09T16:28:07.369Z - We are at get all users controller"}
{"label":"Backend Logs","level":"info","message":"2024-05-09T16:28:07.372Z - We are at getAllUser in service"}
{"label":"Backend Logs","level":"info","message":"2024-05-09T16:28:12.441Z - We are at getAll in controller"}
{"label":"Backend Logs","level":"info","message":"2024-05-09T16:28:12.442Z - We are at getAll in service!"}
{"label":"Backend Logs","level":"info","message":"2024-05-09T16:28:13.879Z - We are at get all users controller"}
{"label":"Backend Logs","level":"info","message":"2024-05-09T16:28:13.881Z - We are at getAllUser in service"}
{"label":"Backend Logs","level":"info","message":"2024-05-09T16:29:01.924Z - We are at getAll in controller"}
{"label":"Backend Logs","level":"info","message":"2024-05-09T16:29:01.934Z - We are at getAll in service!"}
{"label":"Backend Logs","level":"info","message":"2024-05-09T16:29:04.359Z - We are at getAllUserRoles in controller"}
{"label":"Backend Logs","level":"info","message":"2024-05-09T16:29:04.360Z - We are at getAllUserRolein service"}
{"label":"Backend Logs","level":"info","message":"2024-05-09T16:29:04.370Z - We are at get all users controller"}
{"label":"Backend Logs","level":"info","message":"2024-05-09T16:29:04.372Z - We are at getAllUser in service"}
{"label":"Backend Logs","level":"info","message":"2024-05-09T16:29:40.817Z - We are at get all users controller"}
{"label":"Backend Logs","level":"info","message":"2024-05-09T16:29:40.819Z - We are at getAllUser in service"}
{"label":"Backend Logs","level":"info","message":"2024-05-09T16:29:40.828Z - We are at getAllUserRoles in controller"}
{"label":"Backend Logs","level":"info","message":"2024-05-09T16:29:40.830Z - We are at getAllUserRolein service"}
{"label":"Backend Logs","level":"info","message":"2024-05-09T16:32:08.894Z - We are at getAllUserRoles in controller"}
{"label":"Backend Logs","level":"info","message":"2024-05-09T16:32:08.922Z - We are at getAllUserRolein service"}
{"label":"Backend Logs","level":"info","message":"2024-05-09T16:32:08.984Z - We are at get all users controller"}
{"label":"Backend Logs","level":"info","message":"2024-05-09T16:32:09.014Z - We are at getAllUser in service"}
{"label":"Backend Logs","level":"info","message":"2024-05-09T16:32:28.792Z - We are at getAllUserRoles in controller"}
{"label":"Backend Logs","level":"info","message":"2024-05-09T16:32:28.794Z - We are at getAllUserRolein service"}
{"label":"Backend Logs","level":"info","message":"2024-05-09T16:32:28.821Z - We are at get all users controller"}
{"label":"Backend Logs","level":"info","message":"2024-05-09T16:32:28.822Z - We are at getAllUser in service"}
{"label":"Backend Logs","level":"info","message":"2024-05-09T16:32:54.914Z - We are at getAll in controller"}
{"label":"Backend Logs","level":"info","message":"2024-05-09T16:32:54.915Z - We are at getAll in service!"}
{"label":"Backend Logs","level":"info","message":"2024-05-09T16:32:58.512Z - We are at getAllUserRoles in controller"}
{"label":"Backend Logs","level":"info","message":"2024-05-09T16:32:58.514Z - We are at getAllUserRolein service"}
{"label":"Backend Logs","level":"info","message":"2024-05-09T16:32:58.538Z - We are at get all users controller"}
{"label":"Backend Logs","level":"info","message":"2024-05-09T16:32:58.540Z - We are at getAllUser in service"}
{"label":"Backend Logs","level":"info","message":"2024-05-09T16:34:06.225Z - We are at getAll in controller"}
{"label":"Backend Logs","level":"info","message":"2024-05-09T16:34:06.227Z - We are at getAll in service!"}
{"label":"Backend Logs","level":"info","message":"2024-05-09T16:34:07.903Z - We are at get all users controller"}
{"label":"Backend Logs","level":"info","message":"2024-05-09T16:34:07.904Z - We are at getAllUser in service"}
{"label":"Backend Logs","level":"info","message":"2024-05-09T16:34:07.923Z - We are at getAllUserRoles in controller"}
{"label":"Backend Logs","level":"info","message":"2024-05-09T16:34:07.924Z - We are at getAllUserRolein service"}
{"label":"Backend Logs","level":"info","message":"2024-05-09T16:35:38.557Z - We are at getAll in controller"}
{"label":"Backend Logs","level":"info","message":"2024-05-09T16:35:38.559Z - We are at getAll in service!"}
{"label":"Backend Logs","level":"info","message":"2024-05-09T16:35:41.360Z - We are at getAllUserRoles in controller"}
{"label":"Backend Logs","level":"info","message":"2024-05-09T16:35:41.362Z - We are at getAllUserRolein service"}
{"label":"Backend Logs","level":"info","message":"2024-05-09T16:35:41.366Z - We are at get all users controller"}
{"label":"Backend Logs","level":"info","message":"2024-05-09T16:35:41.367Z - We are at getAllUser in service"}
{"label":"Backend Logs","level":"info","message":"2024-05-09T16:43:04.437Z - We are at getAllUserRoles in controller"}
{"label":"Backend Logs","level":"info","message":"2024-05-09T16:43:04.446Z - We are at getAllUserRolein service"}
{"label":"Backend Logs","level":"info","message":"2024-05-09T16:43:04.823Z - We are at get all users controller"}
{"label":"Backend Logs","level":"info","message":"2024-05-09T16:43:04.824Z - We are at getAllUser in service"}
{"label":"Backend Logs","level":"info","message":"2024-05-09T16:46:05.117Z - We are at getAllUserRoles in controller"}
{"label":"Backend Logs","level":"info","message":"2024-05-09T16:46:05.123Z - We are at getAllUserRolein service"}
{"label":"Backend Logs","level":"info","message":"2024-05-09T16:46:06.208Z - We are at get all users controller"}
{"label":"Backend Logs","level":"info","message":"2024-05-09T16:46:06.209Z - We are at getAllUser in service"}
{"label":"Backend Logs","level":"info","message":"2024-05-09T16:46:08.400Z - We are at getAllUserRoles in controller"}
{"label":"Backend Logs","level":"info","message":"2024-05-09T16:46:08.401Z - We are at getAllUserRolein service"}
{"label":"Backend Logs","level":"info","message":"2024-05-09T16:46:08.765Z - We are at get all users controller"}
{"label":"Backend Logs","level":"info","message":"2024-05-09T16:46:08.766Z - We are at getAllUser in service"}
{"label":"Backend Logs","level":"info","message":"2024-05-09T16:46:24.299Z - We are at getAllUserRoles in controller"}
{"label":"Backend Logs","level":"info","message":"2024-05-09T16:46:24.301Z - We are at getAllUserRolein service"}
{"label":"Backend Logs","level":"info","message":"2024-05-09T16:46:24.583Z - We are at get all users controller"}
{"label":"Backend Logs","level":"info","message":"2024-05-09T16:46:24.584Z - We are at getAllUser in service"}
{"label":"Backend Logs","level":"info","message":"2024-05-09T16:46:47.362Z - We are at getAllUserRoles in controller"}
{"label":"Backend Logs","level":"info","message":"2024-05-09T16:46:47.364Z - We are at getAllUserRolein service"}
{"label":"Backend Logs","level":"info","message":"2024-05-09T16:46:47.662Z - We are at get all users controller"}
{"label":"Backend Logs","level":"info","message":"2024-05-09T16:46:47.663Z - We are at getAllUser in service"}
{"label":"Backend Logs","level":"info","message":"2024-05-09T16:47:38.792Z - We are at getAllUserRoles in controller"}
{"label":"Backend Logs","level":"info","message":"2024-05-09T16:47:38.793Z - We are at getAllUserRolein service"}
{"label":"Backend Logs","level":"info","message":"2024-05-09T16:47:39.038Z - We are at get all users controller"}
{"label":"Backend Logs","level":"info","message":"2024-05-09T16:47:39.039Z - We are at getAllUser in service"}
{"label":"Backend Logs","level":"info","message":"2024-05-09T16:48:06.467Z - We are at getAllUserRoles in controller"}
{"label":"Backend Logs","level":"info","message":"2024-05-09T16:48:06.468Z - We are at getAllUserRolein service"}
{"label":"Backend Logs","level":"info","message":"2024-05-09T16:48:07.197Z - We are at get all users controller"}
{"label":"Backend Logs","level":"info","message":"2024-05-09T16:48:07.197Z - We are at getAllUser in service"}
{"label":"Backend Logs","level":"info","message":"2024-05-09T16:49:07.352Z - We are at getAllUserRoles in controller"}
{"label":"Backend Logs","level":"info","message":"2024-05-09T16:49:07.353Z - We are at getAllUserRolein service"}
{"label":"Backend Logs","level":"info","message":"2024-05-09T16:49:09.183Z - We are at get all users controller"}
{"label":"Backend Logs","level":"info","message":"2024-05-09T16:49:09.184Z - We are at getAllUser in service"}
{"label":"Backend Logs","level":"info","message":"2024-05-09T16:49:16.525Z - We are at getAllUserRoles in controller"}
{"label":"Backend Logs","level":"info","message":"2024-05-09T16:49:16.526Z - We are at getAllUserRolein service"}
{"label":"Backend Logs","level":"info","message":"2024-05-09T16:49:18.035Z - We are at get all users controller"}
{"label":"Backend Logs","level":"info","message":"2024-05-09T16:49:18.036Z - We are at getAllUser in service"}
{"label":"Backend Logs","level":"info","message":"2024-05-09T16:49:22.565Z - We are at getAllUserRoles in controller"}
{"label":"Backend Logs","level":"info","message":"2024-05-09T16:49:22.567Z - We are at getAllUserRolein service"}
{"label":"Backend Logs","level":"info","message":"2024-05-09T16:49:22.712Z - We are at get all users controller"}
{"label":"Backend Logs","level":"info","message":"2024-05-09T16:49:22.715Z - We are at getAllUser in service"}
{"label":"Backend Logs","level":"info","message":"2024-05-09T16:50:11.198Z - We are at getAllUserRoles in controller"}
{"label":"Backend Logs","level":"info","message":"2024-05-09T16:50:11.200Z - We are at getAllUserRolein service"}
{"label":"Backend Logs","level":"info","message":"2024-05-09T16:50:11.447Z - We are at get all users controller"}
{"label":"Backend Logs","level":"info","message":"2024-05-09T16:50:11.448Z - We are at getAllUser in service"}
{"label":"Backend Logs","level":"info","message":"2024-05-09T16:53:01.415Z - We are at getAllUserRoles in controller"}
{"label":"Backend Logs","level":"info","message":"2024-05-09T16:53:01.462Z - We are at getAllUserRolein service"}
{"label":"Backend Logs","level":"info","message":"2024-05-09T16:53:02.932Z - We are at get all users controller"}
{"label":"Backend Logs","level":"info","message":"2024-05-09T16:53:02.932Z - We are at getAllUser in service"}
{"label":"Backend Logs","level":"info","message":"2024-05-09T16:54:12.098Z - We are at getUserRoleById in service. User role id is: 1"}
{"label":"Backend Logs","level":"info","message":"2024-05-09T16:54:12.348Z - We are at getAll in controller"}
{"label":"Backend Logs","level":"info","message":"2024-05-09T16:54:12.349Z - We are at getAll in service!"}
{"label":"Backend Logs","level":"info","message":"2024-05-09T16:54:14.738Z - We are at getAllUserRoles in controller"}
{"label":"Backend Logs","level":"info","message":"2024-05-09T16:54:14.743Z - We are at getAllUserRolein service"}
{"label":"Backend Logs","level":"info","message":"2024-05-09T16:54:14.850Z - We are at get all users controller"}
{"label":"Backend Logs","level":"info","message":"2024-05-09T16:54:14.851Z - We are at getAllUser in service"}
{"label":"Backend Logs","level":"info","message":"2024-05-09T16:54:23.638Z - We are at getAllUserRoles in controller"}
{"label":"Backend Logs","level":"info","message":"2024-05-09T16:54:23.649Z - We are at getAllUserRolein service"}
{"label":"Backend Logs","level":"info","message":"2024-05-09T16:55:06.187Z - We are at getAllUserRoles in controller"}
{"label":"Backend Logs","level":"info","message":"2024-05-09T16:55:06.188Z - We are at getAllUserRolein service"}
{"label":"Backend Logs","level":"info","message":"2024-05-09T16:55:19.683Z - We are at getAllUserRoles in controller"}
{"label":"Backend Logs","level":"info","message":"2024-05-09T16:55:19.696Z - We are at getAllUserRolein service"}
{"label":"Backend Logs","level":"info","message":"2024-05-09T16:55:21.496Z - We are at getAllUserRoles in controller"}
{"label":"Backend Logs","level":"info","message":"2024-05-09T16:55:21.497Z - We are at getAllUserRolein service"}
{"label":"Backend Logs","level":"info","message":"2024-05-09T16:55:23.284Z - We are at getAllUserRoles in controller"}
{"label":"Backend Logs","level":"info","message":"2024-05-09T16:55:23.285Z - We are at getAllUserRolein service"}
{"label":"Backend Logs","level":"info","message":"2024-05-09T16:55:24.991Z - We are at get all users controller"}
{"label":"Backend Logs","level":"info","message":"2024-05-09T16:55:24.998Z - We are at getAllUser in service"}
{"label":"Backend Logs","level":"info","message":"2024-05-09T16:55:44.052Z - We are at getAllUserRoles in controller"}
{"label":"Backend Logs","level":"info","message":"2024-05-09T16:55:44.053Z - We are at getAllUserRolein service"}
{"label":"Backend Logs","level":"info","message":"2024-05-09T16:56:27.808Z - We are at addNewUser in service. New user is [object Object]"}
{"label":"Backend Logs","level":"info","message":"2024-05-09T16:59:00.824Z - We are at getAllUserRoles in controller"}
{"label":"Backend Logs","level":"info","message":"2024-05-09T16:59:00.855Z - We are at getAllUserRolein service"}
{"label":"Backend Logs","level":"info","message":"2024-05-09T16:59:50.098Z - We are at getAllUserRoles in controller"}
{"label":"Backend Logs","level":"info","message":"2024-05-09T16:59:50.102Z - We are at getAllUserRolein service"}
{"label":"Backend Logs","level":"info","message":"2024-05-09T17:00:27.242Z - We are at getAllUserRoles in controller"}
{"label":"Backend Logs","level":"info","message":"2024-05-09T17:00:27.244Z - We are at getAllUserRolein service"}
{"label":"Backend Logs","level":"info","message":"2024-05-09T17:00:37.922Z - We are at getAllUserRoles in controller"}
{"label":"Backend Logs","level":"info","message":"2024-05-09T17:00:37.923Z - We are at getAllUserRolein service"}
{"label":"Backend Logs","level":"info","message":"2024-05-09T17:00:38.114Z - We are at get all users controller"}
{"label":"Backend Logs","level":"info","message":"2024-05-09T17:00:38.115Z - We are at getAllUser in service"}
{"label":"Backend Logs","level":"info","message":"2024-05-09T17:00:43.582Z - We are at getAllUserRoles in controller"}
{"label":"Backend Logs","level":"info","message":"2024-05-09T17:00:43.583Z - We are at getAllUserRolein service"}
{"label":"Backend Logs","level":"info","message":"2024-05-09T17:01:28.849Z - We are at getAllUserRoles in controller"}
{"label":"Backend Logs","level":"info","message":"2024-05-09T17:01:28.850Z - We are at getAllUserRolein service"}
{"label":"Backend Logs","level":"info","message":"2024-05-09T17:01:32.329Z - We are at getAllUserRoles in controller"}
{"label":"Backend Logs","level":"info","message":"2024-05-09T17:01:32.331Z - We are at getAllUserRolein service"}
{"label":"Backend Logs","level":"info","message":"2024-05-09T17:01:34.204Z - We are at getAllUserRoles in controller"}
{"label":"Backend Logs","level":"info","message":"2024-05-09T17:01:34.205Z - We are at getAllUserRolein service"}
{"label":"Backend Logs","level":"info","message":"2024-05-09T17:01:34.417Z - We are at get all users controller"}
{"label":"Backend Logs","level":"info","message":"2024-05-09T17:01:34.418Z - We are at getAllUser in service"}
{"label":"Backend Logs","level":"info","message":"2024-05-09T17:01:43.195Z - We are at getAllUserRoles in controller"}
{"label":"Backend Logs","level":"info","message":"2024-05-09T17:01:43.205Z - We are at getAllUserRolein service"}
{"label":"Backend Logs","level":"info","message":"2024-05-09T17:02:19.909Z - We are at addNewUser in service. New user is [object Object]"}
{"label":"Backend Logs","level":"info","message":"2024-05-09T17:02:20.010Z - We are at getAllUserRoles in controller"}
{"label":"Backend Logs","level":"info","message":"2024-05-09T17:02:20.011Z - We are at getAllUserRolein service"}
{"label":"Backend Logs","level":"info","message":"2024-05-09T17:02:20.181Z - We are at get all users controller"}
{"label":"Backend Logs","level":"info","message":"2024-05-09T17:02:20.182Z - We are at getAllUser in service"}
{"label":"Backend Logs","level":"info","message":"2024-05-09T17:03:45.721Z - We are at getAllUserRoles in controller"}
{"label":"Backend Logs","level":"info","message":"2024-05-09T17:03:45.726Z - We are at getAllUserRolein service"}
{"label":"Backend Logs","level":"info","message":"2024-05-09T17:03:46.744Z - We are at get all users controller"}
{"label":"Backend Logs","level":"info","message":"2024-05-09T17:03:46.747Z - We are at getAllUser in service"}
{"label":"Backend Logs","level":"info","message":"2024-05-09T17:03:55.793Z - We are at getAllUserRoles in controller"}
{"label":"Backend Logs","level":"info","message":"2024-05-09T17:03:55.795Z - We are at getAllUserRolein service"}
{"label":"Backend Logs","level":"info","message":"2024-05-09T17:03:56.088Z - We are at get all users controller"}
{"label":"Backend Logs","level":"info","message":"2024-05-09T17:03:56.090Z - We are at getAllUser in service"}
{"label":"Backend Logs","level":"info","message":"2024-05-09T17:04:16.919Z - We are at getAllUserRoles in controller"}
{"label":"Backend Logs","level":"info","message":"2024-05-09T17:04:16.920Z - We are at getAllUserRolein service"}
{"label":"Backend Logs","level":"info","message":"2024-05-09T17:04:17.476Z - We are at get all users controller"}
{"label":"Backend Logs","level":"info","message":"2024-05-09T17:04:17.477Z - We are at getAllUser in service"}
{"label":"Backend Logs","level":"info","message":"2024-05-09T17:04:37.414Z - We are at getAllUserRoles in controller"}
{"label":"Backend Logs","level":"info","message":"2024-05-09T17:04:37.416Z - We are at getAllUserRolein service"}
{"label":"Backend Logs","level":"info","message":"2024-05-09T17:04:38.162Z - We are at get all users controller"}
{"label":"Backend Logs","level":"info","message":"2024-05-09T17:04:38.163Z - We are at getAllUser in service"}
{"label":"Backend Logs","level":"info","message":"2024-05-09T17:04:40.373Z - We are at get user by id controller"}
{"label":"Backend Logs","level":"info","message":"2024-05-09T17:04:40.375Z - We are at getUserById in service. User id is : 2"}
{"label":"Backend Logs","level":"info","message":"2024-05-09T17:04:40.390Z - We are at getAllUserRoles in controller"}
{"label":"Backend Logs","level":"info","message":"2024-05-09T17:04:40.391Z - We are at getAllUserRolein service"}
{"label":"Backend Logs","level":"info","message":"2024-05-09T17:04:47.196Z - We are at getAllUserRoles in controller"}
{"label":"Backend Logs","level":"info","message":"2024-05-09T17:04:47.197Z - We are at getAllUserRolein service"}
{"label":"Backend Logs","level":"info","message":"2024-05-09T17:04:47.389Z - We are at get all users controller"}
{"label":"Backend Logs","level":"info","message":"2024-05-09T17:04:47.391Z - We are at getAllUser in service"}
{"label":"Backend Logs","level":"info","message":"2024-05-09T17:04:48.698Z - We are at getAllUserRoles in controller"}
{"label":"Backend Logs","level":"info","message":"2024-05-09T17:04:48.699Z - We are at getAllUserRolein service"}
{"label":"Backend Logs","level":"info","message":"2024-05-09T17:04:48.708Z - We are at get user by id controller"}
{"label":"Backend Logs","level":"info","message":"2024-05-09T17:04:48.709Z - We are at getUserById in service. User id is : 3"}
{"label":"Backend Logs","level":"info","message":"2024-05-09T17:04:56.676Z - We are at updateUserById in controller. The user id is : 3"}
{"label":"Backend Logs","level":"info","message":"2024-05-09T17:04:56.684Z - We are at updateUserById in service. User id is: 3"}
{"label":"Backend Logs","level":"info","message":"2024-05-09T17:04:56.827Z - We are at getAllUserRoles in controller"}
{"label":"Backend Logs","level":"info","message":"2024-05-09T17:04:56.830Z - We are at getAllUserRolein service"}
{"label":"Backend Logs","level":"info","message":"2024-05-09T17:04:57.017Z - We are at get all users controller"}
{"label":"Backend Logs","level":"info","message":"2024-05-09T17:04:57.019Z - We are at getAllUser in service"}
{"label":"Backend Logs","level":"info","message":"2024-05-09T17:05:08.680Z - We are at getAllUserRoles in controller"}
{"label":"Backend Logs","level":"info","message":"2024-05-09T17:05:08.681Z - We are at getAllUserRolein service"}
{"label":"Backend Logs","level":"info","message":"2024-05-09T17:06:05.787Z - We are at getAll in controller"}
{"label":"Backend Logs","level":"info","message":"2024-05-09T17:06:05.788Z - We are at getAll in service!"}
{"label":"Backend Logs","level":"info","message":"2024-05-09T17:08:04.555Z - We are at getAll in controller"}
{"label":"Backend Logs","level":"info","message":"2024-05-09T17:08:04.558Z - We are at getAll in service!"}
{"label":"Backend Logs","level":"info","message":"2024-05-09T17:08:46.143Z - We are at getAll in controller"}
{"label":"Backend Logs","level":"info","message":"2024-05-09T17:08:46.144Z - We are at getAll in service!"}
{"label":"Backend Logs","level":"info","message":"2024-05-09T17:08:51.570Z - We are at getAll in controller"}
{"label":"Backend Logs","level":"info","message":"2024-05-09T17:08:51.571Z - We are at getAll in service!"}
{"label":"Backend Logs","level":"info","message":"2024-05-09T17:09:42.988Z - We are at getAll in controller"}
{"label":"Backend Logs","level":"info","message":"2024-05-09T17:09:42.989Z - We are at getAll in service!"}
{"label":"Backend Logs","level":"info","message":"2024-05-09T17:10:02.497Z - We are at getAll in controller"}
{"label":"Backend Logs","level":"info","message":"2024-05-09T17:10:02.498Z - We are at getAll in service!"}
{"label":"Backend Logs","level":"info","message":"2024-05-09T17:10:13.588Z - We are at getAll in controller"}
{"label":"Backend Logs","level":"info","message":"2024-05-09T17:10:13.589Z - We are at getAll in service!"}
{"label":"Backend Logs","level":"info","message":"2024-05-09T17:10:26.006Z - We are at getAll in controller"}
{"label":"Backend Logs","level":"info","message":"2024-05-09T17:10:26.008Z - We are at getAll in service!"}
{"label":"Backend Logs","level":"info","message":"2024-05-09T17:10:32.111Z - We are at getAll in controller"}
{"label":"Backend Logs","level":"info","message":"2024-05-09T17:10:32.114Z - We are at getAll in service!"}
{"label":"Backend Logs","level":"info","message":"2024-05-09T17:10:50.424Z - We are at getAllUserRoles in controller"}
{"label":"Backend Logs","level":"info","message":"2024-05-09T17:10:50.426Z - We are at getAllUserRolein service"}
{"label":"Backend Logs","level":"info","message":"2024-05-09T17:10:50.566Z - We are at get all users controller"}
{"label":"Backend Logs","level":"info","message":"2024-05-09T17:10:50.567Z - We are at getAllUser in service"}
{"label":"Backend Logs","level":"info","message":"2024-05-09T17:11:00.401Z - We are at getAllUserRoles in controller"}
{"label":"Backend Logs","level":"info","message":"2024-05-09T17:11:00.402Z - We are at getAllUserRolein service"}
{"label":"Backend Logs","level":"info","message":"2024-05-09T17:11:00.539Z - We are at get all users controller"}
{"label":"Backend Logs","level":"info","message":"2024-05-09T17:11:00.539Z - We are at getAllUser in service"}
{"label":"Backend Logs","level":"info","message":"2024-05-09T17:11:08.576Z - We are at getAllUserRoles in controller"}
{"label":"Backend Logs","level":"info","message":"2024-05-09T17:11:08.577Z - We are at getAllUserRolein service"}
{"label":"Backend Logs","level":"info","message":"2024-05-09T17:11:08.712Z - We are at get all users controller"}
{"label":"Backend Logs","level":"info","message":"2024-05-09T17:11:08.712Z - We are at getAllUser in service"}
{"label":"Backend Logs","level":"info","message":"2024-05-09T17:11:10.698Z - We are at getAll in controller"}
{"label":"Backend Logs","level":"info","message":"2024-05-09T17:11:10.698Z - We are at getAll in service!"}
{"label":"Backend Logs","level":"info","message":"2024-05-09T17:11:28.390Z - We are at getAll in controller"}
{"label":"Backend Logs","level":"info","message":"2024-05-09T17:11:28.390Z - We are at getAll in service!"}
{"label":"Backend Logs","level":"info","message":"2024-05-09T17:11:31.493Z - We are at getAll in controller"}
{"label":"Backend Logs","level":"info","message":"2024-05-09T17:11:31.499Z - We are at getAll in service!"}
{"label":"Backend Logs","level":"info","message":"2024-05-09T17:11:36.659Z - We are at getAll in controller"}
{"label":"Backend Logs","level":"info","message":"2024-05-09T17:11:36.660Z - We are at getAll in service!"}
{"label":"Backend Logs","level":"info","message":"2024-05-09T17:25:37.134Z - We are at getAll in controller"}
{"label":"Backend Logs","level":"info","message":"2024-05-09T17:25:37.141Z - We are at getAll in service!"}
{"label":"Backend Logs","level":"info","message":"2024-05-09T17:27:25.235Z - We are at getAll in controller"}
{"label":"Backend Logs","level":"info","message":"2024-05-09T17:27:25.237Z - We are at getAll in service!"}
{"label":"Backend Logs","level":"info","message":"2024-05-09T17:32:15.898Z - We are at getAll in controller"}
{"label":"Backend Logs","level":"info","message":"2024-05-09T17:32:15.912Z - We are at getAll in service!"}
{"label":"Backend Logs","level":"info","message":"2024-05-09T17:32:24.697Z - We are at getAllUserRoles in controller"}
{"label":"Backend Logs","level":"info","message":"2024-05-09T17:32:24.699Z - We are at getAllUserRolein service"}
{"label":"Backend Logs","level":"info","message":"2024-05-09T17:32:45.853Z - We are at getAllUserRoles in controller"}
{"label":"Backend Logs","level":"info","message":"2024-05-09T17:32:45.859Z - We are at getAllUserRolein service"}
{"label":"Backend Logs","level":"info","message":"2024-05-09T17:37:39.170Z - We are at getUserRoleById in service. User role id is: 1"}
{"label":"Backend Logs","level":"info","message":"2024-05-09T17:37:39.313Z - We are at getAll in controller"}
{"label":"Backend Logs","level":"info","message":"2024-05-09T17:37:39.314Z - We are at getAll in service!"}
{"label":"Backend Logs","level":"info","message":"2024-05-09T17:40:50.005Z - We are at getAllUserRoles in controller"}
{"label":"Backend Logs","level":"info","message":"2024-05-09T17:40:50.008Z - We are at getAllUserRolein service"}
{"label":"Backend Logs","level":"info","message":"2024-05-09T17:40:50.278Z - We are at get all users controller"}
{"label":"Backend Logs","level":"info","message":"2024-05-09T17:40:50.280Z - We are at getAllUser in service"}
{"label":"Backend Logs","level":"info","message":"2024-05-09T17:41:00.685Z - We are at getAll in controller"}
{"label":"Backend Logs","level":"info","message":"2024-05-09T17:41:00.686Z - We are at getAll in service!"}
{"label":"Backend Logs","level":"info","message":"2024-05-09T17:44:03.408Z - We are at getAll in controller"}
{"label":"Backend Logs","level":"info","message":"2024-05-09T17:44:03.417Z - We are at getAll in service!"}
{"label":"Backend Logs","level":"info","message":"2024-05-09T17:45:27.313Z - We are at getAll in controller"}
{"label":"Backend Logs","level":"info","message":"2024-05-09T17:45:27.314Z - We are at getAll in service!"}
{"label":"Backend Logs","level":"info","message":"2024-05-09T17:45:33.648Z - We are at getAll in controller"}
{"label":"Backend Logs","level":"info","message":"2024-05-09T17:45:33.649Z - We are at getAll in service!"}
{"label":"Backend Logs","level":"info","message":"2024-05-09T17:46:00.312Z - We are at getAllUserRoles in controller"}
{"label":"Backend Logs","level":"info","message":"2024-05-09T17:46:00.314Z - We are at getAllUserRolein service"}
{"label":"Backend Logs","level":"info","message":"2024-05-09T17:46:00.527Z - We are at get all users controller"}
{"label":"Backend Logs","level":"info","message":"2024-05-09T17:46:00.529Z - We are at getAllUser in service"}
{"label":"Backend Logs","level":"info","message":"2024-05-09T17:46:01.939Z - We are at getAllUserRoles in controller"}
{"label":"Backend Logs","level":"info","message":"2024-05-09T17:46:01.940Z - We are at getAllUserRolein service"}
{"label":"Backend Logs","level":"info","message":"2024-05-09T17:46:21.056Z - We are at getAll in controller"}
{"label":"Backend Logs","level":"info","message":"2024-05-09T17:46:21.057Z - We are at getAll in service!"}
{"label":"Backend Logs","level":"info","message":"2024-05-09T18:10:37.375Z - We are at getAll in controller"}
{"label":"Backend Logs","level":"info","message":"2024-05-09T18:10:37.383Z - We are at getAll in service!"}
{"label":"Backend Logs","level":"info","message":"2024-05-09T18:10:54.258Z - We are at getAll in controller"}
{"label":"Backend Logs","level":"info","message":"2024-05-09T18:10:54.259Z - We are at getAll in service!"}
{"label":"Backend Logs","level":"info","message":"2024-05-09T18:10:58.002Z - We are at getAllUserRoles in controller"}
{"label":"Backend Logs","level":"info","message":"2024-05-09T18:10:58.005Z - We are at getAllUserRolein service"}
{"label":"Backend Logs","level":"info","message":"2024-05-09T18:10:58.133Z - We are at get all users controller"}
{"label":"Backend Logs","level":"info","message":"2024-05-09T18:10:58.134Z - We are at getAllUser in service"}
{"label":"Backend Logs","level":"info","message":"2024-05-09T18:10:59.967Z - We are at getAllUserRoles in controller"}
{"label":"Backend Logs","level":"info","message":"2024-05-09T18:10:59.971Z - We are at getAllUserRolein service"}
{"label":"Backend Logs","level":"info","message":"2024-05-09T18:11:00.003Z - We are at get user by id controller"}
{"label":"Backend Logs","level":"info","message":"2024-05-09T18:11:00.006Z - We are at getUserById in service. User id is : 2"}
{"label":"Backend Logs","level":"info","message":"2024-05-09T18:11:26.589Z - We are at updateUserById in controller. The user id is : 2"}
{"label":"Backend Logs","level":"info","message":"2024-05-09T18:11:26.592Z - We are at updateUserById in service. User id is: 2"}
{"label":"Backend Logs","level":"info","message":"2024-05-09T18:11:26.878Z - We are at getAllUserRoles in controller"}
{"label":"Backend Logs","level":"info","message":"2024-05-09T18:11:26.879Z - We are at getAllUserRolein service"}
{"label":"Backend Logs","level":"info","message":"2024-05-09T18:11:26.946Z - We are at get all users controller"}
{"label":"Backend Logs","level":"info","message":"2024-05-09T18:11:26.948Z - We are at getAllUser in service"}
{"label":"Backend Logs","level":"info","message":"2024-05-09T18:12:24.687Z - We are at getUserRoleById in service. User role id is: 2"}
{"label":"Backend Logs","level":"info","message":"2024-05-09T18:12:24.811Z - We are at getAll in controller"}
{"label":"Backend Logs","level":"info","message":"2024-05-09T18:12:24.812Z - We are at getAll in service!"}
{"label":"Backend Logs","level":"info","message":"2024-05-09T18:12:27.014Z - We are at getAllUserRoles in controller"}
{"label":"Backend Logs","level":"info","message":"2024-05-09T18:12:27.016Z - We are at getAllUserRolein service"}
{"label":"Backend Logs","level":"info","message":"2024-05-09T18:12:27.084Z - We are at get all users controller"}
{"label":"Backend Logs","level":"info","message":"2024-05-09T18:12:27.085Z - We are at getAllUser in service"}
{"label":"Backend Logs","level":"info","message":"2024-05-09T18:12:30.773Z - We are at getAllUserRoles in controller"}
{"label":"Backend Logs","level":"info","message":"2024-05-09T18:12:30.777Z - We are at getAllUserRolein service"}
{"label":"Backend Logs","level":"info","message":"2024-05-09T18:12:30.795Z - We are at get user by id controller"}
{"label":"Backend Logs","level":"info","message":"2024-05-09T18:12:30.797Z - We are at getUserById in service. User id is : 2"}
{"label":"Backend Logs","level":"info","message":"2024-05-09T18:19:36.665Z - We are at getAllUserRoles in controller"}
{"label":"Backend Logs","level":"info","message":"2024-05-09T18:19:36.667Z - We are at getAllUserRolein service"}
{"label":"Backend Logs","level":"info","message":"2024-05-09T18:19:36.841Z - We are at get all users controller"}
{"label":"Backend Logs","level":"info","message":"2024-05-09T18:19:36.842Z - We are at getAllUser in service"}
{"label":"Backend Logs","level":"info","message":"2024-05-09T18:19:37.668Z - We are at getAllUserRoles in controller"}
{"label":"Backend Logs","level":"info","message":"2024-05-09T18:19:37.669Z - We are at getAllUserRolein service"}
{"label":"Backend Logs","level":"info","message":"2024-05-09T18:20:01.981Z - We are at addNewUser in service. New user is [object Object]"}
{"label":"Backend Logs","level":"info","message":"2024-05-09T18:20:02.053Z - We are at getAllUserRoles in controller"}
{"label":"Backend Logs","level":"info","message":"2024-05-09T18:20:02.054Z - We are at getAllUserRolein service"}
{"label":"Backend Logs","level":"info","message":"2024-05-09T18:20:02.104Z - We are at get all users controller"}
{"label":"Backend Logs","level":"info","message":"2024-05-09T18:20:02.105Z - We are at getAllUser in service"}
{"label":"Backend Logs","level":"info","message":"2024-05-09T18:20:07.279Z - We are at getAllUserRoles in controller"}
{"label":"Backend Logs","level":"info","message":"2024-05-09T18:20:07.281Z - We are at getAllUserRolein service"}
{"label":"Backend Logs","level":"info","message":"2024-05-09T18:20:07.285Z - We are at get user by id controller"}
{"label":"Backend Logs","level":"info","message":"2024-05-09T18:20:07.286Z - We are at getUserById in service. User id is : 5"}
{"label":"Backend Logs","level":"info","message":"2024-05-09T18:20:10.983Z - We are at getAll in controller"}
{"label":"Backend Logs","level":"info","message":"2024-05-09T18:20:10.984Z - We are at getAll in service!"}
{"label":"Backend Logs","level":"info","message":"2024-05-09T18:26:17.646Z - We are at getAll in controller"}
{"label":"Backend Logs","level":"info","message":"2024-05-09T18:26:17.652Z - We are at getAll in service!"}
{"label":"Backend Logs","level":"info","message":"2024-05-09T18:30:48.538Z - We are at getAll in controller"}
{"label":"Backend Logs","level":"info","message":"2024-05-09T18:30:48.566Z - We are at getAll in service!"}
{"label":"Backend Logs","level":"info","message":"2024-05-09T18:31:05.744Z - We are at addNew in controller. The new expense is: [object Object]"}
{"label":"Backend Logs","level":"info","message":"2024-05-09T18:31:05.746Z - We are at addNew in service. New transaction is [object Object]"}
{"label":"Backend Logs","level":"info","message":"2024-05-09T18:31:05.841Z - We are at getAll in controller"}
{"label":"Backend Logs","level":"info","message":"2024-05-09T18:31:05.842Z - We are at getAll in service!"}
{"label":"Backend Logs","level":"info","message":"2024-05-09T18:31:51.276Z - We are at getAll in controller"}
{"label":"Backend Logs","level":"info","message":"2024-05-09T18:31:51.276Z - We are at getAll in service!"}
{"label":"Backend Logs","level":"info","message":"2024-05-09T18:34:44.882Z - We are at getAll in controller"}
{"label":"Backend Logs","level":"info","message":"2024-05-09T18:34:45.001Z - We are at getAll in service!"}
{"label":"Backend Logs","level":"info","message":"2024-05-09T18:35:31.323Z - We are at getAll in controller"}
{"label":"Backend Logs","level":"info","message":"2024-05-09T18:35:31.326Z - We are at getAll in service!"}
{"label":"Backend Logs","level":"info","message":"2024-05-09T18:41:58.864Z - We are at getAllUserRoles in controller"}
{"label":"Backend Logs","level":"info","message":"2024-05-09T18:41:58.876Z - We are at getAllUserRolein service"}
{"label":"Backend Logs","level":"info","message":"2024-05-09T18:41:59.101Z - We are at get all users controller"}
{"label":"Backend Logs","level":"info","message":"2024-05-09T18:41:59.102Z - We are at getAllUser in service"}
{"label":"Backend Logs","level":"info","message":"2024-05-09T18:41:59.678Z - We are at getAll in controller"}
{"label":"Backend Logs","level":"info","message":"2024-05-09T18:41:59.680Z - We are at getAll in service!"}
{"label":"Backend Logs","level":"info","message":"2024-05-09T18:42:10.033Z - We are at addNew in controller. The new expense is: [object Object]"}
{"label":"Backend Logs","level":"info","message":"2024-05-09T18:42:10.034Z - We are at addNew in service. New transaction is [object Object]"}
{"label":"Backend Logs","level":"info","message":"2024-05-09T18:42:10.119Z - We are at getAll in controller"}
{"label":"Backend Logs","level":"info","message":"2024-05-09T18:42:10.121Z - We are at getAll in service!"}
{"label":"Backend Logs","level":"info","message":"2024-05-09T18:43:23.795Z - We are at getAll in controller"}
{"label":"Backend Logs","level":"info","message":"2024-05-09T18:43:23.797Z - We are at getAll in service!"}
{"label":"Backend Logs","level":"info","message":"2024-05-09T18:44:18.651Z - We are at getExpenseById  controller"}
{"label":"Backend Logs","level":"info","message":"2024-05-09T18:44:18.653Z - We are at getExpenseById in service. Expense id is : 2"}
{"label":"Backend Logs","level":"error","message":"2024-05-09T18:44:18.827Z - Error fetching expense by id - userById is not defined"}
{"label":"Backend Logs","level":"info","message":"2024-05-09T18:44:27.558Z - We are at getAll in controller"}
{"label":"Backend Logs","level":"info","message":"2024-05-09T18:44:27.567Z - We are at getAll in service!"}
{"label":"Backend Logs","level":"info","message":"2024-05-09T18:44:48.502Z - We are at getExpenseById  controller"}
{"label":"Backend Logs","level":"info","message":"2024-05-09T18:44:48.503Z - We are at getExpenseById in service. Expense id is : 2"}
{"label":"Backend Logs","level":"error","message":"2024-05-09T18:44:48.640Z - Error fetching expense by id - userById is not defined"}
{"label":"Backend Logs","level":"info","message":"2024-05-09T18:48:03.555Z - We are at getAll in controller"}
{"label":"Backend Logs","level":"info","message":"2024-05-09T18:48:03.563Z - We are at getAll in service!"}
{"label":"Backend Logs","level":"info","message":"2024-05-09T18:48:09.543Z - We are at getExpenseById  controller"}
{"label":"Backend Logs","level":"info","message":"2024-05-09T18:48:09.547Z - We are at getExpenseById in service. Expense id is : 2"}
{"label":"Backend Logs","level":"error","message":"2024-05-09T18:48:09.603Z - Error fetching expense by id - userById is not defined"}
{"label":"Backend Logs","level":"info","message":"2024-05-09T18:49:44.702Z - We are at getAll in controller"}
{"label":"Backend Logs","level":"info","message":"2024-05-09T18:49:44.708Z - We are at getAll in service!"}
{"label":"Backend Logs","level":"info","message":"2024-05-09T18:49:50.723Z - We are at getExpenseById  controller"}
{"label":"Backend Logs","level":"info","message":"2024-05-09T18:49:50.725Z - We are at getExpenseById in service. Expense id is : 2"}
{"label":"Backend Logs","level":"info","message":"2024-05-09T18:51:50.188Z - We are at updateExpensesById at controller. Updated expense is  [object Object]"}
{"label":"Backend Logs","level":"info","message":"2024-05-09T18:51:50.193Z - We are at updateExpenseById in service. The Expenses id is: 2"}
{"label":"Backend Logs","level":"info","message":"2024-05-09T18:54:18.806Z - We are at getUserRoleById in service. User role id is: 2"}
{"label":"Backend Logs","level":"info","message":"2024-05-09T18:54:18.997Z - We are at getAll in controller"}
{"label":"Backend Logs","level":"info","message":"2024-05-09T18:54:18.999Z - We are at getAll in service!"}
{"label":"Backend Logs","level":"info","message":"2024-05-09T18:54:28.214Z - We are at getExpenseById  controller"}
{"label":"Backend Logs","level":"info","message":"2024-05-09T18:54:28.216Z - We are at getExpenseById in service. Expense id is : 2"}
{"label":"Backend Logs","level":"info","message":"2024-05-09T18:54:32.832Z - We are at updateExpensesById at controller. Updated expense is  [object Object]"}
{"label":"Backend Logs","level":"info","message":"2024-05-09T18:54:32.833Z - We are at updateExpenseById in service. The Expenses id is: 2"}
{"label":"Backend Logs","level":"info","message":"2024-05-09T18:54:32.977Z - We are at getAll in controller"}
{"label":"Backend Logs","level":"info","message":"2024-05-09T18:54:32.978Z - We are at getAll in service!"}
{"label":"Backend Logs","level":"info","message":"2024-05-09T18:57:14.538Z - We are at getAll in controller"}
{"label":"Backend Logs","level":"info","message":"2024-05-09T18:57:14.548Z - We are at getAll in service!"}
{"label":"Backend Logs","level":"info","message":"2024-05-09T18:57:15.394Z - We are at getAll in controller"}
{"label":"Backend Logs","level":"info","message":"2024-05-09T18:57:15.396Z - We are at getAll in service!"}
{"label":"Backend Logs","level":"info","message":"2024-05-09T18:57:22.533Z - We are at getExpenseById  controller"}
{"label":"Backend Logs","level":"info","message":"2024-05-09T18:57:22.534Z - We are at getExpenseById in service. Expense id is : 1"}
{"label":"Backend Logs","level":"info","message":"2024-05-09T18:59:28.581Z - We are at getExpenseById  controller"}
{"label":"Backend Logs","level":"info","message":"2024-05-09T18:59:28.597Z - We are at getExpenseById in service. Expense id is : 1"}
{"label":"Backend Logs","level":"info","message":"2024-05-09T18:59:31.190Z - We are at getExpenseById  controller"}
{"label":"Backend Logs","level":"info","message":"2024-05-09T18:59:31.193Z - We are at getExpenseById in service. Expense id is : 1"}
{"label":"Backend Logs","level":"info","message":"2024-05-09T18:59:32.609Z - We are at getAll in controller"}
{"label":"Backend Logs","level":"info","message":"2024-05-09T18:59:32.616Z - We are at getAll in service!"}
{"label":"Backend Logs","level":"info","message":"2024-05-09T18:59:34.313Z - We are at getExpenseById  controller"}
{"label":"Backend Logs","level":"info","message":"2024-05-09T18:59:34.314Z - We are at getExpenseById in service. Expense id is : 5"}
{"label":"Backend Logs","level":"info","message":"2024-05-09T18:59:59.154Z - We are at getAll in controller"}
{"label":"Backend Logs","level":"info","message":"2024-05-09T18:59:59.156Z - We are at getAll in service!"}
{"label":"Backend Logs","level":"info","message":"2024-05-09T19:00:01.301Z - We are at getAllUserRoles in controller"}
{"label":"Backend Logs","level":"info","message":"2024-05-09T19:00:01.306Z - We are at getAllUserRolein service"}
{"label":"Backend Logs","level":"info","message":"2024-05-09T19:00:01.457Z - We are at get all users controller"}
{"label":"Backend Logs","level":"info","message":"2024-05-09T19:00:01.461Z - We are at getAllUser in service"}
{"label":"Backend Logs","level":"info","message":"2024-05-09T19:00:47.901Z - We are at getUserRoleById in service. User role id is: 2"}
{"label":"Backend Logs","level":"info","message":"2024-05-09T19:00:48.006Z - We are at getAll in controller"}
{"label":"Backend Logs","level":"info","message":"2024-05-09T19:00:48.006Z - We are at getAll in service!"}
{"label":"Backend Logs","level":"info","message":"2024-05-09T19:00:49.987Z - We are at getAllUserRoles in controller"}
{"label":"Backend Logs","level":"info","message":"2024-05-09T19:00:49.988Z - We are at getAllUserRolein service"}
{"label":"Backend Logs","level":"info","message":"2024-05-09T19:00:50.160Z - We are at get all users controller"}
{"label":"Backend Logs","level":"info","message":"2024-05-09T19:00:50.161Z - We are at getAllUser in service"}
{"label":"Backend Logs","level":"info","message":"2024-05-09T19:01:12.807Z - We are at getAll in controller"}
{"label":"Backend Logs","level":"info","message":"2024-05-09T19:01:12.808Z - We are at getAll in service!"}
